<?xml version="1.0" encoding="UTF-8"?>
<!-- Generated by org.testng.reporters.JUnitXMLReporter -->
<testsuite ignored="1" hostname="Shree" failures="1" tests="1" name="FirefoxTest" time="21.573" errors="0" timestamp="2022-09-27T13:21:31 IST">
  <testcase classname="tests.VerifyRoomPage1" name="verifyContactToHelpCenter" time="2.064">
    <failure type="java.lang.AssertionError" message="The following asserts failed:
	URL is wrong expected [https://www.messenger.com/hel] but found [https://www.messenger.com/help]">
      <![CDATA[java.lang.AssertionError: The following asserts failed:
URL is wrong expected [https://www.messenger.com/hel] but found [https://www.messenger.com/help]
at tests.VerifyRoomPage1.verifyContactToHelpCenter(VerifyRoomPage1.java:95)
at java.base/java.util.ArrayList.forEach(ArrayList.java:1511)
... Removed 27 stack frames]]>
    </failure>
  </testcase> <!-- verifyContactToHelpCenter -->
  <testcase classname="tests.VerifyRoomPage1" name="verifyReturnToMessenger" time="0.0">
    <ignored/>
  </testcase> <!-- verifyReturnToMessenger -->
</testsuite> <!-- FirefoxTest -->
