<?xml version="1.0" encoding="UTF-8"?>
<!-- Generated by org.testng.reporters.JUnitXMLReporter -->
<testsuite ignored="2" hostname="Shree" failures="0" tests="6" name="Test" time="0.297" errors="0" timestamp="2022-09-18T10:20:09 IST">
  <testcase classname="tests.TestClass1" name="testA" time="0.03"/>
  <testcase classname="tests.TestClass1" name="testD" time="0.007"/>
  <testcase classname="tests.TestClass2" name="test1" time="0.005"/>
  <testcase classname="tests.TestClass2" name="test2" time="0.006"/>
  <testcase classname="tests.TestClass2" name="test3" time="0.017"/>
  <testcase classname="tests.TestClass2" name="test4" time="0.006"/>
  <testcase classname="tests.TestClass1" name="testB" time="0.0">
    <ignored/>
  </testcase> <!-- testB -->
  <testcase classname="tests.TestClass1" name="testC" time="0.0">
    <ignored/>
  </testcase> <!-- testC -->
</testsuite> <!-- Test -->
